<?xml version="1.0" encoding="UTF-8"?>
<persistence version="2.1" xmlns="http://java.sun.com/xml/ns/persistence" xmlns:xsi="http://www.w3.org/2001/XMLSchema-instance" xsi:schemaLocation="http://java.sun.com/xml/ns/persistence http://java.sun.com/xml/ns/persistence/persistence_2_1.xsd">
  <persistence-unit name="glePU" transaction-type="RESOURCE_LOCAL">
    <provider>org.eclipse.persistence.jpa.PersistenceProvider</provider>
    <class>com.roxolanus.gle.domain.Lgroup</class>
    <class>com.roxolanus.gle.domain.Course</class>
    <class>com.roxolanus.gle.domain.Assignment</class>
    <class>com.roxolanus.gle.domain.AssignmentSubmission</class>
    <class>com.roxolanus.gle.domain.User</class>
    <exclude-unlisted-classes>true</exclude-unlisted-classes>
    <properties>
      <property name="eclipselink.logging.level" value="WARNING"/>
    </properties>
  </persistence-unit>
</persistence>
